[Selected]
SelNameSize0=7
SelName0=70005B0032002E0032005D000000BA
SelFileSize0=0
SelCol0=16711935
SelLine0=0
SelScaled0=0
SelScale0=1
SelNameSize1=5
SelName1=430079006C00320000005A
SelFileSize1=0
SelCol1=32896
SelLine1=0
SelScaled1=0
SelScale1=1
SelNameSize2=5
SelName2=430079006C003900000061
SelFileSize2=0
SelCol2=8421504
SelLine2=0
SelScaled2=0
SelScale2=1
SelNameSize3=6
SelName3=430079006C003100310000008A
SelFileSize3=0
SelCol3=12632256
SelLine3=0
SelScaled3=0
SelScale3=1
SelNameSize4=6
SelName4=430079006C003100330000008C
SelFileSize4=0
SelCol4=32768
SelLine4=0
SelScaled4=0
SelScale4=1
SelNameSize5=6
SelName5=430079006C003100360000008F
SelFileSize5=0
SelCol5=65535
SelLine5=0
SelScaled5=0
SelScale5=1
SelNameSize6=6
SelName6=430079006C0031003800000091
SelFileSize6=0
SelCol6=16776960
SelLine6=0
SelScaled6=0
SelScale6=1
RefNameSize=0
RefFileSize=0
CurSel=6
AlertCurveSize=12
AlertCurve=680079007000650072007300740061007400690063000000B0
AlertFileSize=0
AlertType=1
AlertMax0=1
AlertMin0=0
AlertMax1=0
AlertMin2=0
AlertActive=1
[state]
CurExpanded=4
bExpanded=6079FEFF00CBF3FF8BCAF3FF4BF2FCFFA051F5FFF7
